<?xml version="1.0" encoding="UTF-8"?>
<testng-results ignored="0" total="4" passed="4" failed="0" skipped="0">
  <reporter-output>
    <line>
      <![CDATA[This is another test method.]]>
    </line>
  </reporter-output>
  <suite started-at="2026-01-27T12:24:30 IST" name="Default suite" finished-at="2026-01-27T12:24:30 IST" duration-ms="124">
    <groups>
    </groups>
    <test started-at="2026-01-27T12:24:30 IST" name="Default test" finished-at="2026-01-27T12:24:30 IST" duration-ms="124">
      <class name="testNG.Sample_Test">
        <test-method signature="anotherTest()[pri:0, instance:testNG.Sample_Test@5119fb47]" started-at="2026-01-27T12:24:30 IST" name="anotherTest" finished-at="2026-01-27T12:24:30 IST" duration-ms="18" status="PASS">
          <reporter-output>
            <line>
              <![CDATA[This is another test method.]]>
            </line>
          </reporter-output>
        </test-method> <!-- anotherTest -->
        <test-method signature="sampleTest()[pri:0, instance:testNG.Sample_Test@5119fb47]" started-at="2026-01-27T12:24:30 IST" name="sampleTest" finished-at="2026-01-27T12:24:30 IST" duration-ms="12" status="PASS">
          <reporter-output>
          </reporter-output>
        </test-method> <!-- sampleTest -->
        <test-method signature="sampleTest()[pri:0, instance:testNG.Sample_Test@5119fb47]" started-at="2026-01-27T12:24:30 IST" name="sampleTest" finished-at="2026-01-27T12:24:30 IST" duration-ms="17" status="PASS">
          <reporter-output>
          </reporter-output>
        </test-method> <!-- sampleTest -->
        <test-method signature="sampleTest()[pri:0, instance:testNG.Sample_Test@5119fb47]" started-at="2026-01-27T12:24:30 IST" name="sampleTest" finished-at="2026-01-27T12:24:30 IST" duration-ms="17" status="PASS">
          <reporter-output>
          </reporter-output>
        </test-method> <!-- sampleTest -->
      </class> <!-- testNG.Sample_Test -->
    </test> <!-- Default test -->
  </suite> <!-- Default suite -->
</testng-results>
