<?xml version="1.0" encoding="UTF-8"?>
<!-- Generated by org.testng.reporters.JUnitXMLReporter -->
<testsuite ignored="0" hostname="WIN-LAP01" failures="0" tests="3" name="Demo WebShop Test" time="29.514" errors="0" timestamp="2026-01-21T11:36:41 IST">
  <testcase classname="testCases.Vote_TestCase" name="voteTest" time="10.291"/>
  <testcase classname="testCases.Search_TestCase" name="searchTest" time="10.672"/>
  <testcase classname="testCases.Subscribe_TestCase" name="subscribeTest" time="8.5"/>
</testsuite> <!-- Demo WebShop Test -->
