<?xml version="1.0" encoding="UTF-8"?>
<!-- Generated by org.testng.reporters.JUnitXMLReporter -->
<testsuite ignored="0" hostname="WIN-LAP01" failures="0" tests="5" name="Demo Web Shop Test" time="33.867" errors="0" timestamp="2026-01-21T17:48:16 IST">
  <testcase classname="testCases.TC1" name="searchTest" time="0.889"/>
  <testcase classname="testCases.Search_TestCase" name="searchTest" time="22.394"/>
  <testcase classname="testCases.Vote_TestCase" name="voteTest" time="24.46"/>
  <testcase classname="testCases.Search_TestCase" name="searchTest" time="24.627"/>
  <testcase classname="testCases.Subscribe_TestCase" name="subscribeTest" time="24.633"/>
</testsuite> <!-- Demo Web Shop Test -->
