<?xml version="1.0" encoding="UTF-8"?>
<!-- Generated by org.testng.reporters.JUnitXMLReporter -->
<testsuite ignored="2" hostname="WIN-LAP01" failures="0" tests="4" name="DWS Test" time="0.049" errors="0" timestamp="2026-01-21T15:27:12 IST">
  <testcase classname="testNG.Working_With_Groups" name="LoginTest" time="0.008"/>
  <testcase classname="testNG.Working_With_Groups" name="RegisterTest" time="0.001"/>
  <testcase classname="testNG.Working_With_Group1" name="AddToCartTest" time="0.001"/>
  <testcase classname="testNG.Working_With_Group1" name="SubScribeTest" time="0.001"/>
  <testcase classname="testNG.Working_With_Group1" name="VoteTest" time="0.0">
    <ignored/>
  </testcase> <!-- VoteTest -->
  <testcase classname="testNG.Working_With_Groups" name="SearchTest" time="0.0">
    <ignored/>
  </testcase> <!-- SearchTest -->
</testsuite> <!-- DWS Test -->
