<?xml version="1.0" encoding="UTF-8"?>
<testng-results ignored="0" total="12" passed="12" failed="0" skipped="0">
  <reporter-output>
  </reporter-output>
  <suite started-at="2026-03-04T23:31:06 IST" name="Suite" finished-at="2026-03-04T23:32:04 IST" duration-ms="57709">
    <groups>
    </groups>
    <test started-at="2026-03-04T23:31:06 IST" name="Test2" finished-at="2026-03-04T23:31:58 IST" duration-ms="52197">
      <class name="Poi_Basics.Dws_RegisterTest">
        <test-method is-config="true" signature="web(java.lang.String)[pri:0, instance:Poi_Basics.Dws_RegisterTest@2925bf5b]" started-at="2026-03-04T23:31:07 IST" name="web" finished-at="2026-03-04T23:31:19 IST" duration-ms="11649" status="PASS">
          <params>
            <param index="0">
              <value>
                <![CDATA[Chrome]]>
              </value>
            </param>
          </params>
          <reporter-output>
          </reporter-output>
        </test-method> <!-- web -->
        <test-method is-config="true" signature="web(java.lang.String)[pri:0, instance:Poi_Basics.Dws_RegisterTest@2925bf5b]" started-at="2026-03-04T23:31:07 IST" name="web" finished-at="2026-03-04T23:31:15 IST" duration-ms="7309" status="PASS">
          <params>
            <param index="0">
              <value>
                <![CDATA[Chrome]]>
              </value>
            </param>
          </params>
          <reporter-output>
          </reporter-output>
        </test-method> <!-- web -->
        <test-method is-config="true" signature="web(java.lang.String)[pri:0, instance:Poi_Basics.Dws_RegisterTest@2925bf5b]" started-at="2026-03-04T23:31:07 IST" name="web" finished-at="2026-03-04T23:31:22 IST" duration-ms="14593" status="PASS">
          <params>
            <param index="0">
              <value>
                <![CDATA[Chrome]]>
              </value>
            </param>
          </params>
          <reporter-output>
          </reporter-output>
        </test-method> <!-- web -->
        <test-method is-config="true" signature="web(java.lang.String)[pri:0, instance:Poi_Basics.Dws_RegisterTest@2925bf5b]" started-at="2026-03-04T23:31:07 IST" name="web" finished-at="2026-03-04T23:31:15 IST" duration-ms="7348" status="PASS">
          <params>
            <param index="0">
              <value>
                <![CDATA[Chrome]]>
              </value>
            </param>
          </params>
          <reporter-output>
          </reporter-output>
        </test-method> <!-- web -->
        <test-method signature="RegisterTest(java.lang.String,java.lang.String,java.lang.String,java.lang.String,java.lang.String)[pri:0, instance:Poi_Basics.Dws_RegisterTest@2925bf5b]" started-at="2026-03-04T23:31:15 IST" name="RegisterTest" data-provider="RegisterTestData" finished-at="2026-03-04T23:31:35 IST" duration-ms="20568" status="PASS">
          <params>
            <param index="0">
              <value>
                <![CDATA[Jon]]>
              </value>
            </param>
            <param index="1">
              <value>
                <![CDATA[Snow]]>
              </value>
            </param>
            <param index="2">
              <value>
                <![CDATA[jon.snow@testmail.com]]>
              </value>
            </param>
            <param index="3">
              <value>
                <![CDATA[Jon@12345]]>
              </value>
            </param>
            <param index="4">
              <value>
                <![CDATA[Jon@12345]]>
              </value>
            </param>
          </params>
          <reporter-output>
          </reporter-output>
        </test-method> <!-- RegisterTest -->
        <test-method signature="RegisterTest(java.lang.String,java.lang.String,java.lang.String,java.lang.String,java.lang.String)[pri:0, instance:Poi_Basics.Dws_RegisterTest@2925bf5b]" started-at="2026-03-04T23:31:15 IST" name="RegisterTest" data-provider="RegisterTestData" finished-at="2026-03-04T23:31:34 IST" duration-ms="19479" status="PASS">
          <params>
            <param index="0">
              <value>
                <![CDATA[Legolas]]>
              </value>
            </param>
            <param index="1">
              <value>
                <![CDATA[GreenLeaf]]>
              </value>
            </param>
            <param index="2">
              <value>
                <![CDATA[Legolas_GreenLeaf1946@gmail.com]]>
              </value>
            </param>
            <param index="3">
              <value>
                <![CDATA[Legolaslego@12_43]]>
              </value>
            </param>
            <param index="4">
              <value>
                <![CDATA[Legolaslego@12_43]]>
              </value>
            </param>
          </params>
          <reporter-output>
          </reporter-output>
        </test-method> <!-- RegisterTest -->
        <test-method signature="RegisterTest(java.lang.String,java.lang.String,java.lang.String,java.lang.String,java.lang.String)[pri:0, instance:Poi_Basics.Dws_RegisterTest@2925bf5b]" started-at="2026-03-04T23:31:19 IST" name="RegisterTest" data-provider="RegisterTestData" finished-at="2026-03-04T23:31:32 IST" duration-ms="13340" status="PASS">
          <params>
            <param index="0">
              <value>
                <![CDATA[Denerys ]]>
              </value>
            </param>
            <param index="1">
              <value>
                <![CDATA[Targerian]]>
              </value>
            </param>
            <param index="2">
              <value>
                <![CDATA[denerys.targerian@testmail.com]]>
              </value>
            </param>
            <param index="3">
              <value>
                <![CDATA[Den@12345]]>
              </value>
            </param>
            <param index="4">
              <value>
                <![CDATA[Den@12345]]>
              </value>
            </param>
          </params>
          <reporter-output>
          </reporter-output>
        </test-method> <!-- RegisterTest -->
        <test-method signature="RegisterTest(java.lang.String,java.lang.String,java.lang.String,java.lang.String,java.lang.String)[pri:0, instance:Poi_Basics.Dws_RegisterTest@2925bf5b]" started-at="2026-03-04T23:31:22 IST" name="RegisterTest" data-provider="RegisterTestData" finished-at="2026-03-04T23:31:37 IST" duration-ms="15227" status="PASS">
          <params>
            <param index="0">
              <value>
                <![CDATA[Cersie]]>
              </value>
            </param>
            <param index="1">
              <value>
                <![CDATA[Lanister]]>
              </value>
            </param>
            <param index="2">
              <value>
                <![CDATA[cersie.lanister@testmail.com]]>
              </value>
            </param>
            <param index="3">
              <value>
                <![CDATA[Cer@12345]]>
              </value>
            </param>
            <param index="4">
              <value>
                <![CDATA[Cer@12345]]>
              </value>
            </param>
          </params>
          <reporter-output>
          </reporter-output>
        </test-method> <!-- RegisterTest -->
        <test-method is-config="true" signature="close()[pri:0, instance:Poi_Basics.Dws_RegisterTest@2925bf5b]" started-at="2026-03-04T23:31:32 IST" name="close" finished-at="2026-03-04T23:31:57 IST" duration-ms="24934" status="PASS">
          <reporter-output>
          </reporter-output>
        </test-method> <!-- close -->
        <test-method is-config="true" signature="close()[pri:0, instance:Poi_Basics.Dws_RegisterTest@2925bf5b]" started-at="2026-03-04T23:31:34 IST" name="close" finished-at="2026-03-04T23:31:58 IST" duration-ms="24167" status="PASS">
          <reporter-output>
          </reporter-output>
        </test-method> <!-- close -->
        <test-method is-config="true" signature="close()[pri:0, instance:Poi_Basics.Dws_RegisterTest@2925bf5b]" started-at="2026-03-04T23:31:35 IST" name="close" finished-at="2026-03-04T23:31:58 IST" duration-ms="22633" status="PASS">
          <reporter-output>
          </reporter-output>
        </test-method> <!-- close -->
        <test-method is-config="true" signature="close()[pri:0, instance:Poi_Basics.Dws_RegisterTest@2925bf5b]" started-at="2026-03-04T23:31:37 IST" name="close" finished-at="2026-03-04T23:31:58 IST" duration-ms="20565" status="PASS">
          <reporter-output>
          </reporter-output>
        </test-method> <!-- close -->
      </class> <!-- Poi_Basics.Dws_RegisterTest -->
    </test> <!-- Test2 -->
    <test started-at="2026-03-04T23:31:06 IST" name="Test3" finished-at="2026-03-04T23:31:59 IST" duration-ms="52357">
      <class name="Poi_Basics.Dws_RegisterTest">
        <test-method is-config="true" signature="web(java.lang.String)[pri:0, instance:Poi_Basics.Dws_RegisterTest@1ff4931d]" started-at="2026-03-04T23:31:07 IST" name="web" finished-at="2026-03-04T23:31:24 IST" duration-ms="16915" status="PASS">
          <params>
            <param index="0">
              <value>
                <![CDATA[Edge]]>
              </value>
            </param>
          </params>
          <reporter-output>
          </reporter-output>
        </test-method> <!-- web -->
        <test-method is-config="true" signature="web(java.lang.String)[pri:0, instance:Poi_Basics.Dws_RegisterTest@1ff4931d]" started-at="2026-03-04T23:31:07 IST" name="web" finished-at="2026-03-04T23:31:21 IST" duration-ms="13248" status="PASS">
          <params>
            <param index="0">
              <value>
                <![CDATA[Edge]]>
              </value>
            </param>
          </params>
          <reporter-output>
          </reporter-output>
        </test-method> <!-- web -->
        <test-method is-config="true" signature="web(java.lang.String)[pri:0, instance:Poi_Basics.Dws_RegisterTest@1ff4931d]" started-at="2026-03-04T23:31:07 IST" name="web" finished-at="2026-03-04T23:31:22 IST" duration-ms="14868" status="PASS">
          <params>
            <param index="0">
              <value>
                <![CDATA[Edge]]>
              </value>
            </param>
          </params>
          <reporter-output>
          </reporter-output>
        </test-method> <!-- web -->
        <test-method is-config="true" signature="web(java.lang.String)[pri:0, instance:Poi_Basics.Dws_RegisterTest@1ff4931d]" started-at="2026-03-04T23:31:07 IST" name="web" finished-at="2026-03-04T23:31:21 IST" duration-ms="13563" status="PASS">
          <params>
            <param index="0">
              <value>
                <![CDATA[Edge]]>
              </value>
            </param>
          </params>
          <reporter-output>
          </reporter-output>
        </test-method> <!-- web -->
        <test-method signature="RegisterTest(java.lang.String,java.lang.String,java.lang.String,java.lang.String,java.lang.String)[pri:0, instance:Poi_Basics.Dws_RegisterTest@1ff4931d]" started-at="2026-03-04T23:31:21 IST" name="RegisterTest" data-provider="RegisterTestData" finished-at="2026-03-04T23:31:36 IST" duration-ms="15119" status="PASS">
          <params>
            <param index="0">
              <value>
                <![CDATA[Denerys ]]>
              </value>
            </param>
            <param index="1">
              <value>
                <![CDATA[Targerian]]>
              </value>
            </param>
            <param index="2">
              <value>
                <![CDATA[denerys.targerian@testmail.com]]>
              </value>
            </param>
            <param index="3">
              <value>
                <![CDATA[Den@12345]]>
              </value>
            </param>
            <param index="4">
              <value>
                <![CDATA[Den@12345]]>
              </value>
            </param>
          </params>
          <reporter-output>
          </reporter-output>
        </test-method> <!-- RegisterTest -->
        <test-method signature="RegisterTest(java.lang.String,java.lang.String,java.lang.String,java.lang.String,java.lang.String)[pri:0, instance:Poi_Basics.Dws_RegisterTest@1ff4931d]" started-at="2026-03-04T23:31:21 IST" name="RegisterTest" data-provider="RegisterTestData" finished-at="2026-03-04T23:31:55 IST" duration-ms="34503" status="PASS">
          <params>
            <param index="0">
              <value>
                <![CDATA[Legolas]]>
              </value>
            </param>
            <param index="1">
              <value>
                <![CDATA[GreenLeaf]]>
              </value>
            </param>
            <param index="2">
              <value>
                <![CDATA[Legolas_GreenLeaf1946@gmail.com]]>
              </value>
            </param>
            <param index="3">
              <value>
                <![CDATA[Legolaslego@12_43]]>
              </value>
            </param>
            <param index="4">
              <value>
                <![CDATA[Legolaslego@12_43]]>
              </value>
            </param>
          </params>
          <reporter-output>
          </reporter-output>
        </test-method> <!-- RegisterTest -->
        <test-method signature="RegisterTest(java.lang.String,java.lang.String,java.lang.String,java.lang.String,java.lang.String)[pri:0, instance:Poi_Basics.Dws_RegisterTest@1ff4931d]" started-at="2026-03-04T23:31:22 IST" name="RegisterTest" data-provider="RegisterTestData" finished-at="2026-03-04T23:31:38 IST" duration-ms="15913" status="PASS">
          <params>
            <param index="0">
              <value>
                <![CDATA[Cersie]]>
              </value>
            </param>
            <param index="1">
              <value>
                <![CDATA[Lanister]]>
              </value>
            </param>
            <param index="2">
              <value>
                <![CDATA[cersie.lanister@testmail.com]]>
              </value>
            </param>
            <param index="3">
              <value>
                <![CDATA[Cer@12345]]>
              </value>
            </param>
            <param index="4">
              <value>
                <![CDATA[Cer@12345]]>
              </value>
            </param>
          </params>
          <reporter-output>
          </reporter-output>
        </test-method> <!-- RegisterTest -->
        <test-method signature="RegisterTest(java.lang.String,java.lang.String,java.lang.String,java.lang.String,java.lang.String)[pri:0, instance:Poi_Basics.Dws_RegisterTest@1ff4931d]" started-at="2026-03-04T23:31:24 IST" name="RegisterTest" data-provider="RegisterTestData" finished-at="2026-03-04T23:31:35 IST" duration-ms="11154" status="PASS">
          <params>
            <param index="0">
              <value>
                <![CDATA[Jon]]>
              </value>
            </param>
            <param index="1">
              <value>
                <![CDATA[Snow]]>
              </value>
            </param>
            <param index="2">
              <value>
                <![CDATA[jon.snow@testmail.com]]>
              </value>
            </param>
            <param index="3">
              <value>
                <![CDATA[Jon@12345]]>
              </value>
            </param>
            <param index="4">
              <value>
                <![CDATA[Jon@12345]]>
              </value>
            </param>
          </params>
          <reporter-output>
          </reporter-output>
        </test-method> <!-- RegisterTest -->
        <test-method is-config="true" signature="close()[pri:0, instance:Poi_Basics.Dws_RegisterTest@1ff4931d]" started-at="2026-03-04T23:31:35 IST" name="close" finished-at="2026-03-04T23:31:58 IST" duration-ms="22463" status="PASS">
          <reporter-output>
          </reporter-output>
        </test-method> <!-- close -->
        <test-method is-config="true" signature="close()[pri:0, instance:Poi_Basics.Dws_RegisterTest@1ff4931d]" started-at="2026-03-04T23:31:36 IST" name="close" finished-at="2026-03-04T23:31:58 IST" duration-ms="22589" status="PASS">
          <reporter-output>
          </reporter-output>
        </test-method> <!-- close -->
        <test-method is-config="true" signature="close()[pri:0, instance:Poi_Basics.Dws_RegisterTest@1ff4931d]" started-at="2026-03-04T23:31:38 IST" name="close" finished-at="2026-03-04T23:31:59 IST" duration-ms="20370" status="PASS">
          <reporter-output>
          </reporter-output>
        </test-method> <!-- close -->
        <test-method is-config="true" signature="close()[pri:0, instance:Poi_Basics.Dws_RegisterTest@1ff4931d]" started-at="2026-03-04T23:31:55 IST" name="close" finished-at="2026-03-04T23:31:59 IST" duration-ms="3051" status="PASS">
          <reporter-output>
          </reporter-output>
        </test-method> <!-- close -->
      </class> <!-- Poi_Basics.Dws_RegisterTest -->
    </test> <!-- Test3 -->
    <test started-at="2026-03-04T23:31:06 IST" name="Test1" finished-at="2026-03-04T23:32:04 IST" duration-ms="57709">
      <class name="Poi_Basics.Dws_RegisterTest">
        <test-method is-config="true" signature="web(java.lang.String)[pri:0, instance:Poi_Basics.Dws_RegisterTest@34123d65]" started-at="2026-03-04T23:31:07 IST" name="web" finished-at="2026-03-04T23:31:54 IST" duration-ms="46897" status="PASS">
          <params>
            <param index="0">
              <value>
                <![CDATA[firefox]]>
              </value>
            </param>
          </params>
          <reporter-output>
          </reporter-output>
        </test-method> <!-- web -->
        <test-method is-config="true" signature="web(java.lang.String)[pri:0, instance:Poi_Basics.Dws_RegisterTest@34123d65]" started-at="2026-03-04T23:31:07 IST" name="web" finished-at="2026-03-04T23:31:43 IST" duration-ms="36098" status="PASS">
          <params>
            <param index="0">
              <value>
                <![CDATA[firefox]]>
              </value>
            </param>
          </params>
          <reporter-output>
          </reporter-output>
        </test-method> <!-- web -->
        <test-method is-config="true" signature="web(java.lang.String)[pri:0, instance:Poi_Basics.Dws_RegisterTest@34123d65]" started-at="2026-03-04T23:31:07 IST" name="web" finished-at="2026-03-04T23:31:43 IST" duration-ms="35131" status="PASS">
          <params>
            <param index="0">
              <value>
                <![CDATA[firefox]]>
              </value>
            </param>
          </params>
          <reporter-output>
          </reporter-output>
        </test-method> <!-- web -->
        <test-method is-config="true" signature="web(java.lang.String)[pri:0, instance:Poi_Basics.Dws_RegisterTest@34123d65]" started-at="2026-03-04T23:31:07 IST" name="web" finished-at="2026-03-04T23:31:46 IST" duration-ms="39033" status="PASS">
          <params>
            <param index="0">
              <value>
                <![CDATA[firefox]]>
              </value>
            </param>
          </params>
          <reporter-output>
          </reporter-output>
        </test-method> <!-- web -->
        <test-method signature="RegisterTest(java.lang.String,java.lang.String,java.lang.String,java.lang.String,java.lang.String)[pri:0, instance:Poi_Basics.Dws_RegisterTest@34123d65]" started-at="2026-03-04T23:31:43 IST" name="RegisterTest" data-provider="RegisterTestData" finished-at="2026-03-04T23:31:46 IST" duration-ms="3534" status="PASS">
          <params>
            <param index="0">
              <value>
                <![CDATA[Denerys ]]>
              </value>
            </param>
            <param index="1">
              <value>
                <![CDATA[Targerian]]>
              </value>
            </param>
            <param index="2">
              <value>
                <![CDATA[denerys.targerian@testmail.com]]>
              </value>
            </param>
            <param index="3">
              <value>
                <![CDATA[Den@12345]]>
              </value>
            </param>
            <param index="4">
              <value>
                <![CDATA[Den@12345]]>
              </value>
            </param>
          </params>
          <reporter-output>
          </reporter-output>
        </test-method> <!-- RegisterTest -->
        <test-method signature="RegisterTest(java.lang.String,java.lang.String,java.lang.String,java.lang.String,java.lang.String)[pri:0, instance:Poi_Basics.Dws_RegisterTest@34123d65]" started-at="2026-03-04T23:31:43 IST" name="RegisterTest" data-provider="RegisterTestData" finished-at="2026-03-04T23:31:48 IST" duration-ms="4110" status="PASS">
          <params>
            <param index="0">
              <value>
                <![CDATA[Legolas]]>
              </value>
            </param>
            <param index="1">
              <value>
                <![CDATA[GreenLeaf]]>
              </value>
            </param>
            <param index="2">
              <value>
                <![CDATA[Legolas_GreenLeaf1946@gmail.com]]>
              </value>
            </param>
            <param index="3">
              <value>
                <![CDATA[Legolaslego@12_43]]>
              </value>
            </param>
            <param index="4">
              <value>
                <![CDATA[Legolaslego@12_43]]>
              </value>
            </param>
          </params>
          <reporter-output>
          </reporter-output>
        </test-method> <!-- RegisterTest -->
        <test-method is-config="true" signature="close()[pri:0, instance:Poi_Basics.Dws_RegisterTest@34123d65]" started-at="2026-03-04T23:31:46 IST" name="close" finished-at="2026-03-04T23:31:55 IST" duration-ms="9004" status="PASS">
          <reporter-output>
          </reporter-output>
        </test-method> <!-- close -->
        <test-method signature="RegisterTest(java.lang.String,java.lang.String,java.lang.String,java.lang.String,java.lang.String)[pri:0, instance:Poi_Basics.Dws_RegisterTest@34123d65]" started-at="2026-03-04T23:31:46 IST" name="RegisterTest" data-provider="RegisterTestData" finished-at="2026-03-04T23:31:50 IST" duration-ms="3638" status="PASS">
          <params>
            <param index="0">
              <value>
                <![CDATA[Cersie]]>
              </value>
            </param>
            <param index="1">
              <value>
                <![CDATA[Lanister]]>
              </value>
            </param>
            <param index="2">
              <value>
                <![CDATA[cersie.lanister@testmail.com]]>
              </value>
            </param>
            <param index="3">
              <value>
                <![CDATA[Cer@12345]]>
              </value>
            </param>
            <param index="4">
              <value>
                <![CDATA[Cer@12345]]>
              </value>
            </param>
          </params>
          <reporter-output>
          </reporter-output>
        </test-method> <!-- RegisterTest -->
        <test-method is-config="true" signature="close()[pri:0, instance:Poi_Basics.Dws_RegisterTest@34123d65]" started-at="2026-03-04T23:31:48 IST" name="close" finished-at="2026-03-04T23:31:55 IST" duration-ms="7195" status="PASS">
          <reporter-output>
          </reporter-output>
        </test-method> <!-- close -->
        <test-method is-config="true" signature="close()[pri:0, instance:Poi_Basics.Dws_RegisterTest@34123d65]" started-at="2026-03-04T23:31:50 IST" name="close" finished-at="2026-03-04T23:31:56 IST" duration-ms="5729" status="PASS">
          <reporter-output>
          </reporter-output>
        </test-method> <!-- close -->
        <test-method signature="RegisterTest(java.lang.String,java.lang.String,java.lang.String,java.lang.String,java.lang.String)[pri:0, instance:Poi_Basics.Dws_RegisterTest@34123d65]" started-at="2026-03-04T23:31:54 IST" name="RegisterTest" data-provider="RegisterTestData" finished-at="2026-03-04T23:31:56 IST" duration-ms="2196" status="PASS">
          <params>
            <param index="0">
              <value>
                <![CDATA[Jon]]>
              </value>
            </param>
            <param index="1">
              <value>
                <![CDATA[Snow]]>
              </value>
            </param>
            <param index="2">
              <value>
                <![CDATA[jon.snow@testmail.com]]>
              </value>
            </param>
            <param index="3">
              <value>
                <![CDATA[Jon@12345]]>
              </value>
            </param>
            <param index="4">
              <value>
                <![CDATA[Jon@12345]]>
              </value>
            </param>
          </params>
          <reporter-output>
          </reporter-output>
        </test-method> <!-- RegisterTest -->
        <test-method is-config="true" signature="close()[pri:0, instance:Poi_Basics.Dws_RegisterTest@34123d65]" started-at="2026-03-04T23:31:56 IST" name="close" finished-at="2026-03-04T23:32:04 IST" duration-ms="7416" status="PASS">
          <reporter-output>
          </reporter-output>
        </test-method> <!-- close -->
      </class> <!-- Poi_Basics.Dws_RegisterTest -->
    </test> <!-- Test1 -->
  </suite> <!-- Suite -->
</testng-results>
