<?xml version="1.0" encoding="UTF-8"?>
<!-- Generated by org.testng.reporters.JUnitXMLReporter -->
<testsuite ignored="0" hostname="WIN-LAP01" failures="1" tests="1" name="Test" time="11.579" errors="0" timestamp="2026-01-21T17:38:06 IST">
  <testcase classname="testCases.FB_Login_TestCase" name="login" time="2.451">
    <failure type="java.lang.AssertionError" message="The following asserts failed:
	expected [Facebookkk – log in or sign up] but found [Facebook – log in or sign up]">
      <![CDATA[java.lang.AssertionError: The following asserts failed:
expected [Facebookkk – log in or sign up] but found [Facebook – log in or sign up]
at testCases.FB_Login_TestCase.login(FB_Login_TestCase.java:57)
at java.base/java.util.ArrayList.forEach(ArrayList.java:1604)
... Removed 27 stack frames]]>
    </failure>
  </testcase> <!-- login -->
</testsuite> <!-- Test -->
