<?xml version="1.0" encoding="UTF-8"?>
<!-- Generated by org.testng.reporters.JUnitXMLReporter -->
<testsuite ignored="0" hostname="WIN-LAP01" failures="0" tests="4" name="Default test" time="0.124" errors="0" timestamp="2026-01-27T12:24:30 IST">
  <testcase classname="testNG.Sample_Test" name="anotherTest" time="0.018"/>
  <testcase classname="testNG.Sample_Test" name="sampleTest" time="0.012"/>
  <testcase classname="testNG.Sample_Test" name="sampleTest" time="0.017"/>
  <testcase classname="testNG.Sample_Test" name="sampleTest" time="0.017"/>
</testsuite> <!-- Default test -->
