<?xml version="1.0" encoding="UTF-8"?>
<!-- Generated by org.testng.reporters.JUnitReportReporter -->
<testsuite hostname="WIN-LAP01" failures="0" tests="12" name="Poi_Basics.Dws_RegisterTest" time="1300.597" errors="0" timestamp="2026-01-27T18:26:23 IST" skipped="0">
  <testcase classname="Poi_Basics.Dws_RegisterTest" name="RegisterTest" time="115.258"/>
  <testcase classname="Poi_Basics.Dws_RegisterTest" name="RegisterTest" time="63.553"/>
  <testcase classname="Poi_Basics.Dws_RegisterTest" name="RegisterTest" time="96.728"/>
  <testcase classname="Poi_Basics.Dws_RegisterTest" name="RegisterTest" time="84.231"/>
  <testcase classname="Poi_Basics.Dws_RegisterTest" name="RegisterTest" time="115.920"/>
  <testcase classname="Poi_Basics.Dws_RegisterTest" name="RegisterTest" time="82.840"/>
  <testcase classname="Poi_Basics.Dws_RegisterTest" name="RegisterTest" time="149.944"/>
  <testcase classname="Poi_Basics.Dws_RegisterTest" name="RegisterTest" time="149.843"/>
  <testcase classname="Poi_Basics.Dws_RegisterTest" name="RegisterTest" time="110.739"/>
  <testcase classname="Poi_Basics.Dws_RegisterTest" name="RegisterTest" time="111.404"/>
  <testcase classname="Poi_Basics.Dws_RegisterTest" name="RegisterTest" time="110.604"/>
  <testcase classname="Poi_Basics.Dws_RegisterTest" name="RegisterTest" time="109.533"/>
</testsuite> <!-- Poi_Basics.Dws_RegisterTest -->
