<?xml version="1.0" encoding="UTF-8"?>
<!-- Generated by org.testng.reporters.JUnitReportReporter -->
<testsuite hostname="WIN-LAP01" failures="0" tests="4" name="Poi_Basics.Working_With_Dataprovider" time="0.020" errors="0" timestamp="2026-01-30T15:59:35 IST" skipped="0">
  <testcase classname="Poi_Basics.Working_With_Dataprovider" name="print" time="0.002"/>
  <testcase classname="Poi_Basics.Working_With_Dataprovider" name="print" time="0.002"/>
  <testcase classname="Poi_Basics.Working_With_Dataprovider" name="print" time="0.002"/>
  <testcase classname="Poi_Basics.Working_With_Dataprovider" name="print" time="0.014"/>
</testsuite> <!-- Poi_Basics.Working_With_Dataprovider -->
