<?xml version="1.0" encoding="UTF-8"?>
<!-- Generated by org.testng.reporters.JUnitReportReporter -->
<testsuite hostname="gopi" failures="0" tests="12" name="Poi_Basics.Dws_RegisterTest" time="605.549" errors="0" timestamp="2026-03-04T23:32:04 IST" skipped="0">
  <testcase classname="Poi_Basics.Dws_RegisterTest" name="RegisterTest" time="47.622"/>
  <testcase classname="Poi_Basics.Dws_RegisterTest" name="RegisterTest" time="31.418"/>
  <testcase classname="Poi_Basics.Dws_RegisterTest" name="RegisterTest" time="45.860"/>
  <testcase classname="Poi_Basics.Dws_RegisterTest" name="RegisterTest" time="50.233"/>
  <testcase classname="Poi_Basics.Dws_RegisterTest" name="RegisterTest" time="51.722"/>
  <testcase classname="Poi_Basics.Dws_RegisterTest" name="RegisterTest" time="47.624"/>
  <testcase classname="Poi_Basics.Dws_RegisterTest" name="RegisterTest" time="56.264"/>
  <testcase classname="Poi_Basics.Dws_RegisterTest" name="RegisterTest" time="45.087"/>
  <testcase classname="Poi_Basics.Dws_RegisterTest" name="RegisterTest" time="50.385"/>
  <testcase classname="Poi_Basics.Dws_RegisterTest" name="RegisterTest" time="53.244"/>
  <testcase classname="Poi_Basics.Dws_RegisterTest" name="RegisterTest" time="52.083"/>
  <testcase classname="Poi_Basics.Dws_RegisterTest" name="RegisterTest" time="74.007"/>
</testsuite> <!-- Poi_Basics.Dws_RegisterTest -->
