<?xml version="1.0" encoding="UTF-8"?>
<!-- Generated by org.testng.reporters.JUnitReportReporter -->
<testsuite hostname="WIN-LAP01" failures="0" tests="1" name="testCases.TC1" time="0.889" errors="0" timestamp="2026-01-21T17:48:16 IST" skipped="0">
  <testcase classname="testCases.TC1" name="searchTest" time="0.889">
    <system-out>
      <![CDATA[Application Launched Successfully - PASS]]>
    </system-out>
  </testcase> <!-- searchTest -->
  <system-out>
    <![CDATA[Application Launched Successfully - PASS
Application opened successfully
Subscribed successfully
Application opened successfully
Voted successfully
Vote Test case executed successfully
Subscribe Test case executed successfully]]>
  </system-out>
</testsuite> <!-- testCases.TC1 -->
