<?xml version="1.0" encoding="UTF-8"?>
<!-- Generated by org.testng.reporters.JUnitReportReporter -->
<testsuite hostname="WIN-LAP01" failures="0" tests="4" name="testNG.Working_With_HelperAttributes" time="0.018" errors="0" timestamp="2026-01-21T12:23:37 IST" skipped="0">
  <testcase classname="testNG.Working_With_HelperAttributes" name="LoginTest" time="0.002"/>
  <testcase classname="testNG.Working_With_HelperAttributes" name="RegisterTest" time="0.011"/>
  <testcase classname="testNG.Working_With_HelperAttributes" name="SubscribeTest" time="0.002"/>
  <testcase classname="testNG.Working_With_HelperAttributes" name="SearchTest" time="0.003"/>
</testsuite> <!-- testNG.Working_With_HelperAttributes -->
