<?xml version="1.0" encoding="UTF-8"?>
<!-- Generated by org.testng.reporters.JUnitReportReporter -->
<testsuite hostname="WIN-LAP01" failures="0" tests="1" name="testCases.Subscribe_TestCase" time="24.633" errors="0" timestamp="2026-01-21T17:48:16 IST" skipped="0">
  <testcase classname="testCases.Subscribe_TestCase" name="subscribeTest" time="24.633">
    <system-out>
      <![CDATA[Application opened successfully
Subscribed successfully
Subscribe Test case executed successfully]]>
    </system-out>
  </testcase> <!-- subscribeTest -->
  <system-out>
    <![CDATA[Application Launched Successfully - PASS
Application opened successfully
Subscribed successfully
Application opened successfully
Voted successfully
Vote Test case executed successfully
Subscribe Test case executed successfully]]>
  </system-out>
</testsuite> <!-- testCases.Subscribe_TestCase -->
