<?xml version="1.0" encoding="UTF-8"?>
<!-- Generated by org.testng.reporters.JUnitReportReporter -->
<testsuite hostname="WIN-LAP01" failures="0" tests="2" name="testCases.Search_TestCase" time="47.021" errors="0" timestamp="2026-01-21T17:48:16 IST" skipped="0">
  <testcase classname="testCases.Search_TestCase" name="searchTest" time="22.394"/>
  <testcase classname="testCases.Search_TestCase" name="searchTest" time="24.627"/>
  <system-out>
    <![CDATA[Application Launched Successfully - PASS
Application opened successfully
Subscribed successfully
Application opened successfully
Voted successfully
Vote Test case executed successfully
Subscribe Test case executed successfully]]>
  </system-out>
</testsuite> <!-- testCases.Search_TestCase -->
