<?xml version="1.0" encoding="UTF-8"?>
<!-- Generated by org.testng.reporters.JUnitReportReporter -->
<testsuite hostname="WIN-LAP01" failures="0" tests="4" name="testNG.Sample_Test" time="0.064" errors="0" timestamp="2026-01-27T12:24:31 IST" skipped="0">
  <testcase classname="testNG.Sample_Test" name="sampleTest" time="0.012"/>
  <testcase classname="testNG.Sample_Test" name="sampleTest" time="0.017"/>
  <testcase classname="testNG.Sample_Test" name="anotherTest" time="0.018">
    <system-out>
      <![CDATA[This is another test method.]]>
    </system-out>
  </testcase> <!-- anotherTest -->
  <testcase classname="testNG.Sample_Test" name="sampleTest" time="0.017"/>
  <system-out>
    <![CDATA[This is another test method.]]>
  </system-out>
</testsuite> <!-- testNG.Sample_Test -->
