<?xml version="1.0" encoding="UTF-8"?>
<!-- Generated by org.testng.reporters.JUnitXMLReporter -->
<testsuite ignored="0" hostname="WIN-LAP01" failures="0" tests="4" name="Default test" time="0.834" errors="0" timestamp="2026-01-30T15:59:35 IST">
  <testcase classname="Poi_Basics.Working_With_Dataprovider" name="print" time="0.014"/>
  <testcase classname="Poi_Basics.Working_With_Dataprovider" name="print" time="0.002"/>
  <testcase classname="Poi_Basics.Working_With_Dataprovider" name="print" time="0.002"/>
  <testcase classname="Poi_Basics.Working_With_Dataprovider" name="print" time="0.002"/>
</testsuite> <!-- Default test -->
