<?xml version="1.0" encoding="UTF-8"?>
<!-- Generated by org.testng.reporters.JUnitXMLReporter -->
<testsuite ignored="0" hostname="gopi" failures="0" tests="4" name="Test2" time="52.197" errors="0" timestamp="2026-03-04T23:31:58 IST">
  <testcase classname="Poi_Basics.Dws_RegisterTest" name="RegisterTest" time="13.34"/>
  <testcase classname="Poi_Basics.Dws_RegisterTest" name="RegisterTest" time="19.479"/>
  <testcase classname="Poi_Basics.Dws_RegisterTest" name="RegisterTest" time="20.568"/>
  <testcase classname="Poi_Basics.Dws_RegisterTest" name="RegisterTest" time="15.227"/>
</testsuite> <!-- Test2 -->
