<?xml version="1.0" encoding="UTF-8"?>
<!-- Generated by org.testng.reporters.JUnitXMLReporter -->
<testsuite ignored="0" hostname="WIN-LAP01" failures="0" tests="4" name="Test3" time="120.302" errors="0" timestamp="2026-01-27T18:26:23 IST">
  <testcase classname="Poi_Basics.Dws_RegisterTest" name="RegisterTest" time="57.878"/>
  <testcase classname="Poi_Basics.Dws_RegisterTest" name="RegisterTest" time="69.43"/>
  <testcase classname="Poi_Basics.Dws_RegisterTest" name="RegisterTest" time="46.989"/>
  <testcase classname="Poi_Basics.Dws_RegisterTest" name="RegisterTest" time="108.024"/>
</testsuite> <!-- Test3 -->
