<?xml version="1.0" encoding="UTF-8"?>
<!-- Generated by org.testng.reporters.JUnitXMLReporter -->
<testsuite ignored="0" hostname="WIN-LAP01" failures="0" tests="4" name="Test2" time="117.94" errors="0" timestamp="2026-01-27T18:26:20 IST">
  <testcase classname="Poi_Basics.Dws_RegisterTest" name="RegisterTest" time="49.359"/>
  <testcase classname="Poi_Basics.Dws_RegisterTest" name="RegisterTest" time="15.598"/>
  <testcase classname="Poi_Basics.Dws_RegisterTest" name="RegisterTest" time="36.921"/>
  <testcase classname="Poi_Basics.Dws_RegisterTest" name="RegisterTest" time="3.801"/>
</testsuite> <!-- Test2 -->
