<?xml version="1.0" encoding="UTF-8"?>
<!-- Generated by org.testng.reporters.JUnitXMLReporter -->
<testsuite ignored="0" hostname="WIN-LAP01" failures="0" tests="4" name="Test1" time="113.813" errors="0" timestamp="2026-01-27T18:26:16 IST">
  <testcase classname="Poi_Basics.Dws_RegisterTest" name="RegisterTest" time="10.017"/>
  <testcase classname="Poi_Basics.Dws_RegisterTest" name="RegisterTest" time="14.678"/>
  <testcase classname="Poi_Basics.Dws_RegisterTest" name="RegisterTest" time="15.312"/>
  <testcase classname="Poi_Basics.Dws_RegisterTest" name="RegisterTest" time="13.239"/>
</testsuite> <!-- Test1 -->
