<?xml version="1.0" encoding="UTF-8"?>
<!-- Generated by org.testng.reporters.JUnitXMLReporter -->
<testsuite ignored="0" hostname="gopi" failures="0" tests="4" name="Test1" time="57.709" errors="0" timestamp="2026-03-04T23:32:04 IST">
  <testcase classname="Poi_Basics.Dws_RegisterTest" name="RegisterTest" time="3.534"/>
  <testcase classname="Poi_Basics.Dws_RegisterTest" name="RegisterTest" time="4.11"/>
  <testcase classname="Poi_Basics.Dws_RegisterTest" name="RegisterTest" time="3.638"/>
  <testcase classname="Poi_Basics.Dws_RegisterTest" name="RegisterTest" time="2.196"/>
</testsuite> <!-- Test1 -->
