<?xml version="1.0" encoding="UTF-8"?>
<!-- Generated by org.testng.reporters.JUnitXMLReporter -->
<testsuite ignored="0" hostname="gopi" failures="0" tests="4" name="Test3" time="52.357" errors="0" timestamp="2026-03-04T23:31:59 IST">
  <testcase classname="Poi_Basics.Dws_RegisterTest" name="RegisterTest" time="11.154"/>
  <testcase classname="Poi_Basics.Dws_RegisterTest" name="RegisterTest" time="15.119"/>
  <testcase classname="Poi_Basics.Dws_RegisterTest" name="RegisterTest" time="15.913"/>
  <testcase classname="Poi_Basics.Dws_RegisterTest" name="RegisterTest" time="34.503"/>
</testsuite> <!-- Test3 -->
