<?xml version="1.0" encoding="UTF-8"?>
<!-- Generated by org.testng.reporters.JUnitXMLReporter -->
<testsuite ignored="0" hostname="WIN-LAP01" failures="0" tests="4" name="Test" time="25.134" errors="0" timestamp="2026-01-23T12:41:20 IST">
  <testcase classname="Poi_Basics.Dws_RegisterTest" name="RegisterTest" time="24.152"/>
  <testcase classname="Poi_Basics.Dws_RegisterTest" name="RegisterTest" time="24.571"/>
  <testcase classname="Poi_Basics.Dws_RegisterTest" name="RegisterTest" time="24.602"/>
  <testcase classname="Poi_Basics.Dws_RegisterTest" name="RegisterTest" time="24.61"/>
</testsuite> <!-- Test -->
